mode: set
github.com/langelog/IrisExtraContext/context.go:13.40,14.35 1 1
github.com/langelog/IrisExtraContext/context.go:14.35,16.6 1 1
github.com/langelog/IrisExtraContext/context.go:19.46,21.2 1 1
github.com/langelog/IrisExtraContext/context.go:23.42,25.2 1 1
github.com/langelog/IrisExtraContext/context.go:27.65,28.87 1 1
github.com/langelog/IrisExtraContext/context.go:31.5,31.15 1 1
github.com/langelog/IrisExtraContext/context.go:28.87,30.6 1 1
github.com/langelog/IrisExtraContext/response.go:13.63,19.2 1 1
github.com/langelog/IrisExtraContext/response.go:21.90,24.2 2 1
github.com/langelog/IrisExtraContext/response.go:26.47,28.66 2 1
github.com/langelog/IrisExtraContext/response.go:31.5,31.15 1 1
github.com/langelog/IrisExtraContext/response.go:28.66,30.6 1 1
